<?xml version="1.0" encoding="UTF-8"?>
<!-- Generated by org.testng.reporters.JUnitXMLReporter -->
<testsuite ignored="0" hostname="DESKTOP-NV5OIPA" failures="0" tests="3" name="Default test" time="0.095" errors="0" timestamp="2022-05-18T12:37:09 IST">
  <testcase classname="annotationsTest.AnnotationSeqeunces" name="test1" time="0.01"/>
  <testcase classname="annotationsTest.AnnotationSeqeunces" name="test2" time="0.003"/>
  <testcase classname="annotationsTest.AnnotationSeqeunces" name="test3" time="0.002"/>
</testsuite> <!-- Default test -->
