<?xml version="1.0" encoding="UTF-8"?>
<!-- Generated by org.testng.reporters.JUnitXMLReporter -->
<testsuite ignored="0" hostname="DESKTOP-NV5OIPA" failures="0" tests="8" name="Default test" time="0.118" errors="0" timestamp="2022-05-19T01:00:08 IST">
  <testcase classname="groupsTest.TestCase1" name="test1" time="0.014"/>
  <testcase classname="groupsTest.TestCase1" name="test2" time="0.003"/>
  <testcase classname="groupsTest.TestCase1" name="test3" time="0.001"/>
  <testcase classname="groupsTest.TestCase1" name="test4" time="0.002"/>
  <testcase classname="groupsTest.TestCase1" name="test5" time="0.003"/>
  <testcase classname="groupsTest.TestCase1" name="test6" time="0.004"/>
  <testcase classname="groupsTest.TestCase1" name="test7" time="0.003"/>
  <testcase classname="groupsTest.TestCase1" name="test8" time="0.003"/>
</testsuite> <!-- Default test -->
