<?xml version="1.0" encoding="UTF-8"?>
<!-- Generated by org.testng.reporters.JUnitXMLReporter -->
<testsuite ignored="0" hostname="LAPTOP-17EBEQJ6" failures="1" tests="1" name="Adding Assertion And Reporting Failure Test" time="0.006" errors="0" timestamp="2023-01-07T20:58:03 IST">
  <testcase classname="addingAssertionAndReportingFailure.TestCase2" name="validateTitle" time="0.004">
    <failure type="java.lang.AssertionError" message="expected [yahoomail.com] but found [gmail.com]">
      <![CDATA[java.lang.AssertionError: expected [yahoomail.com] but found [gmail.com]
at addingAssertionAndReportingFailure.TestCase2.validateTitle(TestCase2.java:21)
at java.base/java.util.ArrayList.forEach(ArrayList.java:1511)
... Removed 33 stack frames]]>
    </failure>
  </testcase> <!-- validateTitle -->
</testsuite> <!-- Adding Assertion And Reporting Failure Test -->
