<?xml version="1.0" encoding="UTF-8"?>
<!-- Generated by org.testng.reporters.JUnitXMLReporter -->
<testsuite ignored="0" hostname="LAPTOP-17EBEQJ6" failures="0" tests="3" name="Annotations Sequence Test" time="0.048" errors="0" timestamp="2023-01-07T20:58:02 IST">
  <testcase classname="annotationsTest.AnnotationSeqeunces" name="test1" time="0.005"/>
  <testcase classname="annotationsTest.AnnotationSeqeunces" name="test2" time="0.001"/>
  <testcase classname="annotationsTest.AnnotationSeqeunces" name="test3" time="0.0"/>
</testsuite> <!-- Annotations Sequence Test -->
