<?xml version="1.0" encoding="UTF-8"?>
<!-- Generated by org.testng.reporters.JUnitXMLReporter -->
<testsuite ignored="0" hostname="DESKTOP-NV5OIPA" failures="0" tests="3" name="Annotations Test" time="0.013" errors="0" timestamp="2022-05-20T16:43:27 IST">
  <testcase classname="annotationsTest.TestCase1" name="doRegister" time="0.001"/>
  <testcase classname="annotationsTest.TestCase1" name="doLogin" time="0.001"/>
  <testcase classname="annotationsTest.TestCase1" name="doHomePage" time="0.001"/>
</testsuite> <!-- Annotations Test -->
