<?xml version="1.0" encoding="UTF-8"?>
<!-- Generated by org.testng.reporters.JUnitXMLReporter -->
<testsuite ignored="0" hostname="LAPTOP-17EBEQJ6" failures="0" tests="4" name="Dependencies Test" time="0.012" errors="0" timestamp="2023-01-07T20:58:03 IST">
  <testcase classname="dependenciesTest.TestCase1" name="doRegister" time="0.001"/>
  <testcase classname="dependenciesTest.TestCase1" name="doLogin" time="0.0"/>
  <testcase classname="dependenciesTest.TestCase1" name="homePage" time="0.001"/>
  <testcase classname="dependenciesTest.TestCase1" name="productCatalogPage" time="0.001"/>
</testsuite> <!-- Dependencies Test -->
