<?xml version="1.0" encoding="UTF-8"?>
<!-- Generated by org.testng.reporters.JUnitXMLReporter -->
<testsuite ignored="0" hostname="DESKTOP-NV5OIPA" failures="0" tests="3" name="Test1" time="0.08" errors="0" timestamp="2022-05-18T22:58:24 IST">
  <testcase classname="regressionTest.TestCase1" name="test1" time="0.011"/>
  <testcase classname="regressionTest.TestCase1" name="test2" time="0.002"/>
  <testcase classname="regressionTest.TestCase1" name="test3" time="0.002"/>
</testsuite> <!-- Test1 -->
