<?xml version="1.0" encoding="UTF-8"?>
<!-- Generated by org.testng.reporters.JUnitXMLReporter -->
<testsuite ignored="3" hostname="DESKTOP-NV5OIPA" failures="0" tests="5" name="Test" time="0.086" errors="0" timestamp="2022-05-19T01:06:11 IST">
  <testcase classname="groupsTest.TestCase1" name="test2" time="0.011"/>
  <testcase classname="groupsTest.TestCase1" name="test4" time="0.003"/>
  <testcase classname="groupsTest.TestCase1" name="test6" time="0.003"/>
  <testcase classname="groupsTest.TestCase1" name="test7" time="0.002"/>
  <testcase classname="groupsTest.TestCase1" name="test8" time="0.001"/>
  <testcase classname="groupsTest.TestCase1" name="test5" time="0.0">
    <ignored/>
  </testcase> <!-- test5 -->
  <testcase classname="groupsTest.TestCase1" name="test3" time="0.0">
    <ignored/>
  </testcase> <!-- test3 -->
  <testcase classname="groupsTest.TestCase1" name="test1" time="0.0">
    <ignored/>
  </testcase> <!-- test1 -->
</testsuite> <!-- Test -->
