<?xml version="1.0" encoding="UTF-8"?>
<!-- Generated by org.testng.reporters.JUnitXMLReporter -->
<testsuite ignored="0" hostname="DESKTOP-NV5OIPA" failures="0" tests="3" name="Annotations Test" time="0.042" errors="0" timestamp="2022-05-18T22:59:24 IST">
  <testcase classname="annotationsTest.TestCase1" name="doRegister" time="0.005"/>
  <testcase classname="annotationsTest.TestCase1" name="doLogin" time="0.004"/>
  <testcase classname="annotationsTest.TestCase1" name="doHomePage" time="0.003"/>
</testsuite> <!-- Annotations Test -->
