<?xml version="1.0" encoding="UTF-8"?>
<!-- Generated by org.testng.reporters.JUnitXMLReporter -->
<testsuite ignored="0" hostname="DESKTOP-NV5OIPA" failures="0" tests="3" name="Annotations Sequence Test" time="0.133" errors="0" timestamp="2022-05-18T22:59:23 IST">
  <testcase classname="annotationsTest.AnnotationSeqeunces" name="test1" time="0.01"/>
  <testcase classname="annotationsTest.AnnotationSeqeunces" name="test2" time="0.004"/>
  <testcase classname="annotationsTest.AnnotationSeqeunces" name="test3" time="0.003"/>
</testsuite> <!-- Annotations Sequence Test -->
