<?xml version="1.0" encoding="UTF-8"?>
<testng-results ignored="3" total="8" passed="5" failed="0" skipped="0">
  <reporter-output>
  </reporter-output>
  <suite started-at="2022-05-19T01:06:11 IST" name="Suite" finished-at="2022-05-19T01:06:11 IST" duration-ms="86">
    <groups>
      <group name="regression">
        <method signature="TestCase1.test6()[pri:6, instance:groupsTest.TestCase1@53aad5d5]" name="test6" class="groupsTest.TestCase1"/>
        <method signature="TestCase1.test7()[pri:7, instance:groupsTest.TestCase1@53aad5d5]" name="test7" class="groupsTest.TestCase1"/>
        <method signature="TestCase1.test8()[pri:8, instance:groupsTest.TestCase1@53aad5d5]" name="test8" class="groupsTest.TestCase1"/>
      </group> <!-- regression -->
      <group name="smoke">
        <method signature="TestCase1.test2()[pri:2, instance:groupsTest.TestCase1@53aad5d5]" name="test2" class="groupsTest.TestCase1"/>
        <method signature="TestCase1.test4()[pri:4, instance:groupsTest.TestCase1@53aad5d5]" name="test4" class="groupsTest.TestCase1"/>
        <method signature="TestCase1.test6()[pri:6, instance:groupsTest.TestCase1@53aad5d5]" name="test6" class="groupsTest.TestCase1"/>
        <method signature="TestCase1.test8()[pri:8, instance:groupsTest.TestCase1@53aad5d5]" name="test8" class="groupsTest.TestCase1"/>
      </group> <!-- smoke -->
    </groups>
    <test started-at="2022-05-19T01:06:11 IST" name="Test" finished-at="2022-05-19T01:06:11 IST" duration-ms="86">
      <class name="groupsTest.TestCase1">
        <test-method signature="test2()[pri:2, instance:groupsTest.TestCase1@53aad5d5]" started-at="2022-05-19T01:06:11 IST" name="test2" finished-at="2022-05-19T01:06:11 IST" duration-ms="11" status="PASS">
          <reporter-output>
          </reporter-output>
        </test-method> <!-- test2 -->
        <test-method signature="test4()[pri:4, instance:groupsTest.TestCase1@53aad5d5]" started-at="2022-05-19T01:06:11 IST" name="test4" finished-at="2022-05-19T01:06:11 IST" duration-ms="3" status="PASS">
          <reporter-output>
          </reporter-output>
        </test-method> <!-- test4 -->
        <test-method signature="test6()[pri:6, instance:groupsTest.TestCase1@53aad5d5]" started-at="2022-05-19T01:06:11 IST" name="test6" finished-at="2022-05-19T01:06:11 IST" duration-ms="3" status="PASS">
          <reporter-output>
          </reporter-output>
        </test-method> <!-- test6 -->
        <test-method signature="test7()[pri:7, instance:groupsTest.TestCase1@53aad5d5]" started-at="2022-05-19T01:06:11 IST" name="test7" finished-at="2022-05-19T01:06:11 IST" duration-ms="2" status="PASS">
          <reporter-output>
          </reporter-output>
        </test-method> <!-- test7 -->
        <test-method signature="test8()[pri:8, instance:groupsTest.TestCase1@53aad5d5]" started-at="2022-05-19T01:06:11 IST" name="test8" finished-at="2022-05-19T01:06:11 IST" duration-ms="1" status="PASS">
          <reporter-output>
          </reporter-output>
        </test-method> <!-- test8 -->
      </class> <!-- groupsTest.TestCase1 -->
    </test> <!-- Test -->
  </suite> <!-- Suite -->
</testng-results>
